{
  "numFailedTestSuites": 20,
  "numFailedTests": 101,
  "numPassedTestSuites": 5,
  "numPassedTests": 550,
  "numPendingTestSuites": 0,
  "numPendingTests": 0,
  "numRuntimeErrorTestSuites": 5,
  "numTodoTests": 0,
  "numTotalTestSuites": 25,
  "numTotalTests": 651,
  "openHandles": [],
  "snapshot": {
    "added": 0,
    "didUpdate": false,
    "failure": false,
    "filesAdded": 0,
    "filesRemoved": 0,
    "filesRemovedList": [],
    "filesUnmatched": 0,
    "filesUpdated": 0,
    "matched": 0,
    "total": 0,
    "unchecked": 0,
    "uncheckedKeysByFile": [],
    "unmatched": 0,
    "updated": 0
  },
  "startTime": 1775892844549,
  "success": false,
  "testResults": [
    {
      "assertionResults": [
        {
          "ancestorTitles": ["riskMetrics", "calculateHHI"],
          "duration": 20,
          "failing": false,
          "failureDetails": [],
          "failureMessages": [],
          "fullName": "riskMetrics calculateHHI should calculate HHI correctly for competitive market",
          "invocations": 1,
          "location": null,
          "numPassingAsserts": 3,
          "retryReasons": [],
          "startAt": 1775892845463,
          "status": "passed",
          "title": "should calculate HHI correctly for competitive market"
        },
        {
          "ancestorTitles": ["riskMetrics", "calculateHHI"],
          "duration": 1,
          "failing": false,
          "failureDetails": [],
          "failureMessages": [],
          "fullName": "riskMetrics calculateHHI should calculate HHI correctly for concentrated market",
          "invocations": 1,
          "location": null,
          "numPassingAsserts": 3,
          "retryReasons": [],
          "startAt": 1775892845483,
          "status": "passed",
          "title": "should calculate HHI correctly for concentrated market"
        },
        {
          "ancestorTitles": ["riskMetrics", "calculateHHI"],
          "duration": 1,
          "failing": false,
          "failureDetails": [],
          "failureMessages": [],
          "fullName": "riskMetrics calculateHHI should return low risk level for HHI < 1500",
          "invocations": 1,
          "location": null,
          "numPassingAsserts": 3,
          "retryReasons": [],
          "startAt": 1775892845484,
          "status": "passed",
          "title": "should return low risk level for HHI < 1500"
        },
        {
          "ancestorTitles": ["riskMetrics", "calculateHHI"],
          "duration": 1,
          "failing": false,
          "failureDetails": [],
          "failureMessages": [],
          "fullName": "riskMetrics calculateHHI should return medium risk level for HHI 1500-2500",
          "invocations": 1,
          "location": null,
          "numPassingAsserts": 4,
          "retryReasons": [],
          "startAt": 1775892845485,
          "status": "passed",
          "title": "should return medium risk level for HHI 1500-2500"
        },
        {
          "ancestorTitles": ["riskMetrics", "calculateHHI"],
          "duration": 0,
          "failing": false,
          "failureDetails": [],
          "failureMessages": [],
          "fullName": "riskMetrics calculateHHI should return high risk level for HHI 2500-3500",
          "invocations": 1,
          "location": null,
          "numPassingAsserts": 4,
          "retryReasons": [],
          "startAt": 1775892845486,
          "status": "passed",
          "title": "should return high risk level for HHI 2500-3500"
        },
        {
          "ancestorTitles": ["riskMetrics", "calculateHHI"],
          "duration": 5,
          "failing": false,
          "failureDetails": [],
          "failureMessages": [],
          "fullName": "riskMetrics calculateHHI should return critical risk level for HHI > 3500",
          "invocations": 1,
          "location": null,
          "numPassingAsserts": 3,
          "retryReasons": [],
          "startAt": 1775892845486,
          "status": "passed",
          "title": "should return critical risk level for HHI > 3500"
        },
        {
          "ancestorTitles": ["riskMetrics", "calculateHHI"],
          "duration": 1,
          "failing": false,
          "failureDetails": [],
          "failureMessages": [],
          "fullName": "riskMetrics calculateHHI should calculate CR4 correctly",
          "invocations": 1,
          "location": null,
          "numPassingAsserts": 1,
          "retryReasons": [],
          "startAt": 1775892845491,
          "status": "passed",
          "title": "should calculate CR4 correctly"
        },
        {
          "ancestorTitles": ["riskMetrics", "calculateHHI"],
          "duration": 0,
          "failing": false,
          "failureDetails": [],
          "failureMessages": [],
          "fullName": "riskMetrics calculateHHI should handle CR4 with less than 4 elements",
          "invocations": 1,
          "location": null,
          "numPassingAsserts": 1,
          "retryReasons": [],
          "startAt": 1775892845492,
          "status": "passed",
          "title": "should handle CR4 with less than 4 elements"
        },
        {
          "ancestorTitles": ["riskMetrics", "calculateHHI"],
          "duration": 1,
          "failing": false,
          "failureDetails": [],
          "failureMessages": [],
          "fullName": "riskMetrics calculateHHI should handle single element array",
          "invocations": 1,
          "location": null,
          "numPassingAsserts": 3,
          "retryReasons": [],
          "startAt": 1775892845492,
          "status": "passed",
          "title": "should handle single element array"
        },
        {
          "ancestorTitles": ["riskMetrics", "calculateHHI"],
          "duration": 7,
          "failing": false,
          "failureDetails": [],
          "failureMessages": [],
          "fullName": "riskMetrics calculateHHI should handle empty array",
          "invocations": 1,
          "location": null,
          "numPassingAsserts": 4,
          "retryReasons": [],
          "startAt": 1775892845494,
          "status": "passed",
          "title": "should handle empty array"
        },
        {
          "ancestorTitles": ["riskMetrics", "calculateHHI"],
          "duration": 1,
          "failing": false,
          "failureDetails": [],
          "failureMessages": [],
          "fullName": "riskMetrics calculateHHI should ensure HHI value is within valid range (0-10000)",
          "invocations": 1,
          "location": null,
          "numPassingAsserts": 4,
          "retryReasons": [],
          "startAt": 1775892845501,
          "status": "passed",
          "title": "should ensure HHI value is within valid range (0-10000)"
        },
        {
          "ancestorTitles": ["riskMetrics", "calculateHHIFromOracles"],
          "duration": 0,
          "failing": false,
          "failureDetails": [],
          "failureMessages": [],
          "fullName": "riskMetrics calculateHHIFromOracles should calculate HHI from oracle data correctly",
          "invocations": 1,
          "location": null,
          "numPassingAsserts": 2,
          "retryReasons": [],
          "startAt": 1775892845502,
          "status": "passed",
          "title": "should calculate HHI from oracle data correctly"
        },
        {
          "ancestorTitles": ["riskMetrics", "calculateHHIFromOracles"],
          "duration": 1,
          "failing": false,
          "failureDetails": [],
          "failureMessages": [],
          "fullName": "riskMetrics calculateHHIFromOracles should handle empty oracle data",
          "invocations": 1,
          "location": null,
          "numPassingAsserts": 2,
          "retryReasons": [],
          "startAt": 1775892845502,
          "status": "passed",
          "title": "should handle empty oracle data"
        },
        {
          "ancestorTitles": ["riskMetrics", "calculateDiversificationScore"],
          "duration": 2,
          "failing": false,
          "failureDetails": [],
          "failureMessages": [],
          "fullName": "riskMetrics calculateDiversificationScore should calculate diversification score correctly",
          "invocations": 1,
          "location": null,
          "numPassingAsserts": 5,
          "retryReasons": [],
          "startAt": 1775892845507,
          "status": "passed",
          "title": "should calculate diversification score correctly"
        },
        {
          "ancestorTitles": ["riskMetrics", "calculateDiversificationScore"],
          "duration": 1,
          "failing": false,
          "failureDetails": [],
          "failureMessages": [],
          "fullName": "riskMetrics calculateDiversificationScore should return low risk for score >= 80",
          "invocations": 1,
          "location": null,
          "numPassingAsserts": 3,
          "retryReasons": [],
          "startAt": 1775892845509,
          "status": "passed",
          "title": "should return low risk for score >= 80"
        },
        {
          "ancestorTitles": ["riskMetrics", "calculateDiversificationScore"],
          "duration": 0,
          "failing": false,
          "failureDetails": [],
          "failureMessages": [],
          "fullName": "riskMetrics calculateDiversificationScore should return low risk for score 60-79",
          "invocations": 1,
          "location": null,
          "numPassingAsserts": 3,
          "retryReasons": [],
          "startAt": 1775892845510,
          "status": "passed",
          "title": "should return low risk for score 60-79"
        },
        {
          "ancestorTitles": ["riskMetrics", "calculateDiversificationScore"],
          "duration": 1,
          "failing": false,
          "failureDetails": [],
          "failureMessages": [],
          "fullName": "riskMetrics calculateDiversificationScore should return medium risk for score 40-59",
          "invocations": 1,
          "location": null,
          "numPassingAsserts": 4,
          "retryReasons": [],
          "startAt": 1775892845510,
          "status": "passed",
          "title": "should return medium risk for score 40-59"
        },
        {
          "ancestorTitles": ["riskMetrics", "calculateDiversificationScore"],
          "duration": 1,
          "failing": false,
          "failureDetails": [],
          "failureMessages": [],
          "fullName": "riskMetrics calculateDiversificationScore should return high risk for score 20-39",
          "invocations": 1,
          "location": null,
          "numPassingAsserts": 4,
          "retryReasons": [],
          "startAt": 1775892845511,
          "status": "passed",
          "title": "should return high risk for score 20-39"
        },
        {
          "ancestorTitles": ["riskMetrics", "calculateDiversificationScore"],
          "duration": 0,
          "failing": false,
          "failureDetails": [],
          "failureMessages": [],
          "fullName": "riskMetrics calculateDiversificationScore should return critical risk for score < 20",
          "invocations": 1,
          "location": null,
          "numPassingAsserts": 3,
          "retryReasons": [],
          "startAt": 1775892845512,
          "status": "passed",
          "title": "should return critical risk for score < 20"
        },
        {
          "ancestorTitles": ["riskMetrics", "calculateDiversificationScore"],
          "duration": 1,
          "failing": false,
          "failureDetails": [],
          "failureMessages": [],
          "fullName": "riskMetrics calculateDiversificationScore should calculate weighted average correctly",
          "invocations": 1,
          "location": null,
          "numPassingAsserts": 4,
          "retryReasons": [],
          "startAt": 1775892845512,
          "status": "passed",
          "title": "should calculate weighted average correctly"
        },
        {
          "ancestorTitles": ["riskMetrics", "calculateDiversificationScore"],
          "duration": 0,
          "failing": false,
          "failureDetails": [],
          "failureMessages": [],
          "fullName": "riskMetrics calculateDiversificationScore should handle zero total values",
          "invocations": 1,
          "location": null,
          "numPassingAsserts": 2,
          "retryReasons": [],
          "startAt": 1775892845514,
          "status": "passed",
          "title": "should handle zero total values"
        },
        {
          "ancestorTitles": ["riskMetrics", "calculateDiversificationScore"],
          "duration": 0,
          "failing": false,
          "failureDetails": [],
          "failureMessages": [],
          "fullName": "riskMetrics calculateDiversificationScore should cap factor scores at 100",
          "invocations": 1,
          "location": null,
          "numPassingAsserts": 3,
          "retryReasons": [],
          "startAt": 1775892845514,
          "status": "passed",
          "title": "should cap factor scores at 100"
        },
        {
          "ancestorTitles": ["riskMetrics", "calculateVolatilityIndex"],
          "duration": 0,
          "failing": false,
          "failureDetails": [],
          "failureMessages": [],
          "fullName": "riskMetrics calculateVolatilityIndex should calculate volatility index correctly",
          "invocations": 1,
          "location": null,
          "numPassingAsserts": 4,
          "retryReasons": [],
          "startAt": 1775892845523,
          "status": "passed",
          "title": "should calculate volatility index correctly"
        },
        {
          "ancestorTitles": ["riskMetrics", "calculateVolatilityIndex"],
          "duration": 1,
          "failing": false,
          "failureDetails": [],
          "failureMessages": [],
          "fullName": "riskMetrics calculateVolatilityIndex should calculate log returns correctly",
          "invocations": 1,
          "location": null,
          "numPassingAsserts": 2,
          "retryReasons": [],
          "startAt": 1775892845523,
          "status": "passed",
          "title": "should calculate log returns correctly"
        },
        {
          "ancestorTitles": ["riskMetrics", "calculateVolatilityIndex"],
          "duration": 0,
          "failing": false,
          "failureDetails": [],
          "failureMessages": [],
          "fullName": "riskMetrics calculateVolatilityIndex should calculate annualized volatility correctly",
          "invocations": 1,
          "location": null,
          "numPassingAsserts": 1,
          "retryReasons": [],
          "startAt": 1775892845524,
          "status": "passed",
          "title": "should calculate annualized volatility correctly"
        },
        {
          "ancestorTitles": ["riskMetrics", "calculateVolatilityIndex"],
          "duration": 0,
          "failing": false,
          "failureDetails": [],
          "failureMessages": [],
          "fullName": "riskMetrics calculateVolatilityIndex should return low risk for index < 20",
          "invocations": 1,
          "location": null,
          "numPassingAsserts": 2,
          "retryReasons": [],
          "startAt": 1775892845524,
          "status": "passed",
          "title": "should return low risk for index < 20"
        },
        {
          "ancestorTitles": ["riskMetrics", "calculateVolatilityIndex"],
          "duration": 1,
          "failing": false,
          "failureDetails": [],
          "failureMessages": [],
          "fullName": "riskMetrics calculateVolatilityIndex should return medium risk for index 20-39",
          "invocations": 1,
          "location": null,
          "numPassingAsserts": 0,
          "retryReasons": [],
          "startAt": 1775892845524,
          "status": "passed",
          "title": "should return medium risk for index 20-39"
        },
        {
          "ancestorTitles": ["riskMetrics", "calculateVolatilityIndex"],
          "duration": 0,
          "failing": false,
          "failureDetails": [],
          "failureMessages": [],
          "fullName": "riskMetrics calculateVolatilityIndex should return high risk for index 40-59",
          "invocations": 1,
          "location": null,
          "numPassingAsserts": 0,
          "retryReasons": [],
          "startAt": 1775892845525,
          "status": "passed",
          "title": "should return high risk for index 40-59"
        },
        {
          "ancestorTitles": ["riskMetrics", "calculateVolatilityIndex"],
          "duration": 1,
          "failing": false,
          "failureDetails": [],
          "failureMessages": [],
          "fullName": "riskMetrics calculateVolatilityIndex should return critical risk for index >= 60",
          "invocations": 1,
          "location": null,
          "numPassingAsserts": 2,
          "retryReasons": [],
          "startAt": 1775892845525,
          "status": "passed",
          "title": "should return critical risk for index >= 60"
        },
        {
          "ancestorTitles": ["riskMetrics", "calculateVolatilityIndex"],
          "duration": 1,
          "failing": false,
          "failureDetails": [],
          "failureMessages": [],
          "fullName": "riskMetrics calculateVolatilityIndex should handle insufficient data (single price)",
          "invocations": 1,
          "location": null,
          "numPassingAsserts": 5,
          "retryReasons": [],
          "startAt": 1775892845526,
          "status": "passed",
          "title": "should handle insufficient data (single price)"
        },
        {
          "ancestorTitles": ["riskMetrics", "calculateVolatilityIndex"],
          "duration": 6,
          "failing": false,
          "failureDetails": [],
          "failureMessages": [],
          "fullName": "riskMetrics calculateVolatilityIndex should handle empty array",
          "invocations": 1,
          "location": null,
          "numPassingAsserts": 2,
          "retryReasons": [],
          "startAt": 1775892845527,
          "status": "passed",
          "title": "should handle empty array"
        },
        {
          "ancestorTitles": ["riskMetrics", "calculateVolatilityIndex"],
          "duration": 0,
          "failing": false,
          "failureDetails": [],
          "failureMessages": [],
          "fullName": "riskMetrics calculateVolatilityIndex should cap index at 100",
          "invocations": 1,
          "location": null,
          "numPassingAsserts": 1,
          "retryReasons": [],
          "startAt": 1775892845533,
          "status": "passed",
          "title": "should cap index at 100"
        },
        {
          "ancestorTitles": ["riskMetrics", "calculateVolatilityIndex"],
          "duration": 1,
          "failing": false,
          "failureDetails": [],
          "failureMessages": [],
          "fullName": "riskMetrics calculateVolatilityIndex should handle constant prices",
          "invocations": 1,
          "location": null,
          "numPassingAsserts": 2,
          "retryReasons": [],
          "startAt": 1775892845533,
          "status": "passed",
          "title": "should handle constant prices"
        },
        {
          "ancestorTitles": ["riskMetrics", "calculateCorrelationRisk"],
          "duration": 0,
          "failing": false,
          "failureDetails": [],
          "failureMessages": [],
          "fullName": "riskMetrics calculateCorrelationRisk should calculate correlation risk correctly",
          "invocations": 1,
          "location": null,
          "numPassingAsserts": 3,
          "retryReasons": [],
          "startAt": 1775892845534,
          "status": "passed",
          "title": "should calculate correlation risk correctly"
        },
        {
          "ancestorTitles": ["riskMetrics", "calculateCorrelationRisk"],
          "duration": 1,
          "failing": false,
          "failureDetails": [],
          "failureMessages": [],
          "fullName": "riskMetrics calculateCorrelationRisk should identify high correlation pairs (>0.8)",
          "invocations": 1,
          "location": null,
          "numPassingAsserts": 3,
          "retryReasons": [],
          "startAt": 1775892845534,
          "status": "passed",
          "title": "should identify high correlation pairs (>0.8)"
        },
        {
          "ancestorTitles": ["riskMetrics", "calculateCorrelationRisk"],
          "duration": 1,
          "failing": false,
          "failureDetails": [],
          "failureMessages": [],
          "fullName": "riskMetrics calculateCorrelationRisk should return low risk for score < 40",
          "invocations": 1,
          "location": null,
          "numPassingAsserts": 3,
          "retryReasons": [],
          "startAt": 1775892845535,
          "status": "passed",
          "title": "should return low risk for score < 40"
        },
        {
          "ancestorTitles": ["riskMetrics", "calculateCorrelationRisk"],
          "duration": 0,
          "failing": false,
          "failureDetails": [],
          "failureMessages": [],
          "fullName": "riskMetrics calculateCorrelationRisk should return medium risk for score 40-59",
          "invocations": 1,
          "location": null,
          "numPassingAsserts": 2,
          "retryReasons": [],
          "startAt": 1775892845536,
          "status": "passed",
          "title": "should return medium risk for score 40-59"
        },
        {
          "ancestorTitles": ["riskMetrics", "calculateCorrelationRisk"],
          "duration": 3,
          "failing": false,
          "failureDetails": [],
          "failureMessages": [],
          "fullName": "riskMetrics calculateCorrelationRisk should return high risk for score 60-79",
          "invocations": 1,
          "location": null,
          "numPassingAsserts": 2,
          "retryReasons": [],
          "startAt": 1775892845536,
          "status": "passed",
          "title": "should return high risk for score 60-79"
        },
        {
          "ancestorTitles": ["riskMetrics", "calculateCorrelationRisk"],
          "duration": 1,
          "failing": false,
          "failureDetails": [],
          "failureMessages": [],
          "fullName": "riskMetrics calculateCorrelationRisk should return critical risk for score >= 80",
          "invocations": 1,
          "location": null,
          "numPassingAsserts": 3,
          "retryReasons": [],
          "startAt": 1775892845539,
          "status": "passed",
          "title": "should return critical risk for score >= 80"
        },
        {
          "ancestorTitles": ["riskMetrics", "calculateCorrelationRisk"],
          "duration": 1,
          "failing": false,
          "failureDetails": [],
          "failureMessages": [],
          "fullName": "riskMetrics calculateCorrelationRisk should handle empty matrix",
          "invocations": 1,
          "location": null,
          "numPassingAsserts": 3,
          "retryReasons": [],
          "startAt": 1775892845540,
          "status": "passed",
          "title": "should handle empty matrix"
        },
        {
          "ancestorTitles": ["riskMetrics", "calculateCorrelationRisk"],
          "duration": 1,
          "failing": false,
          "failureDetails": [],
          "failureMessages": [],
          "fullName": "riskMetrics calculateCorrelationRisk should handle mismatched matrix and names length",
          "invocations": 1,
          "location": null,
          "numPassingAsserts": 1,
          "retryReasons": [],
          "startAt": 1775892845541,
          "status": "passed",
          "title": "should handle mismatched matrix and names length"
        },
        {
          "ancestorTitles": ["riskMetrics", "calculateCorrelationRisk"],
          "duration": 0,
          "failing": false,
          "failureDetails": [],
          "failureMessages": [],
          "fullName": "riskMetrics calculateCorrelationRisk should limit high correlation pairs to 5",
          "invocations": 1,
          "location": null,
          "numPassingAsserts": 1,
          "retryReasons": [],
          "startAt": 1775892845542,
          "status": "passed",
          "title": "should limit high correlation pairs to 5"
        },
        {
          "ancestorTitles": ["riskMetrics", "calculateCorrelationRisk"],
          "duration": 1,
          "failing": false,
          "failureDetails": [],
          "failureMessages": [],
          "fullName": "riskMetrics calculateCorrelationRisk should calculate average correlation correctly",
          "invocations": 1,
          "location": null,
          "numPassingAsserts": 1,
          "retryReasons": [],
          "startAt": 1775892845542,
          "status": "passed",
          "title": "should calculate average correlation correctly"
        },
        {
          "ancestorTitles": ["riskMetrics", "calculateCorrelationRisk"],
          "duration": 0,
          "failing": false,
          "failureDetails": [],
          "failureMessages": [],
          "fullName": "riskMetrics calculateCorrelationRisk should use absolute value of correlations",
          "invocations": 1,
          "location": null,
          "numPassingAsserts": 1,
          "retryReasons": [],
          "startAt": 1775892845543,
          "status": "passed",
          "title": "should use absolute value of correlations"
        },
        {
          "ancestorTitles": ["riskMetrics", "calculateRiskMetrics"],
          "duration": 3,
          "failing": false,
          "failureDetails": [],
          "failureMessages": [],
          "fullName": "riskMetrics calculateRiskMetrics should calculate comprehensive risk metrics",
          "invocations": 1,
          "location": null,
          "numPassingAsserts": 5,
          "retryReasons": [],
          "startAt": 1775892845543,
          "status": "passed",
          "title": "should calculate comprehensive risk metrics"
        },
        {
          "ancestorTitles": ["riskMetrics", "calculateRiskMetrics"],
          "duration": 4,
          "failing": false,
          "failureDetails": [],
          "failureMessages": [],
          "fullName": "riskMetrics calculateRiskMetrics should calculate overall risk score correctly",
          "invocations": 1,
          "location": null,
          "numPassingAsserts": 3,
          "retryReasons": [],
          "startAt": 1775892845546,
          "status": "passed",
          "title": "should calculate overall risk score correctly"
        },
        {
          "ancestorTitles": ["riskMetrics", "calculateRiskMetrics"],
          "duration": 1,
          "failing": false,
          "failureDetails": [],
          "failureMessages": [],
          "fullName": "riskMetrics calculateRiskMetrics should return low overall risk for score < 30",
          "invocations": 1,
          "location": null,
          "numPassingAsserts": 1,
          "retryReasons": [],
          "startAt": 1775892845550,
          "status": "passed",
          "title": "should return low overall risk for score < 30"
        },
        {
          "ancestorTitles": ["riskMetrics", "calculateRiskMetrics"],
          "duration": 3,
          "failing": false,
          "failureDetails": [],
          "failureMessages": [],
          "fullName": "riskMetrics calculateRiskMetrics should return medium overall risk for score 30-49",
          "invocations": 1,
          "location": null,
          "numPassingAsserts": 0,
          "retryReasons": [],
          "startAt": 1775892845551,
          "status": "passed",
          "title": "should return medium overall risk for score 30-49"
        },
        {
          "ancestorTitles": ["riskMetrics", "calculateRiskMetrics"],
          "duration": 0,
          "failing": false,
          "failureDetails": [{}],
          "failureMessages": [
            "TypeError: Cannot set properties of undefined (setting 'share')\n    at Object.<anonymous> (/Users/imokokok/Documents/foresight-build/insight/src/lib/analytics/__tests__/riskMetrics.test.ts:860:26)\n    at Promise.finally.completed (/Users/imokokok/Documents/foresight-build/insight/node_modules/jest-circus/build/jestAdapterInit.js:1557:28)\n    at new Promise (<anonymous>)\n    at callAsyncCircusFn (/Users/imokokok/Documents/foresight-build/insight/node_modules/jest-circus/build/jestAdapterInit.js:1497:10)\n    at _callCircusTest (/Users/imokokok/Documents/foresight-build/insight/node_modules/jest-circus/build/jestAdapterInit.js:1007:40)\n    at processTicksAndRejections (node:internal/process/task_queues:95:5)\n    at _runTest (/Users/imokokok/Documents/foresight-build/insight/node_modules/jest-circus/build/jestAdapterInit.js:947:3)\n    at /Users/imokokok/Documents/foresight-build/insight/node_modules/jest-circus/build/jestAdapterInit.js:849:7\n    at _runTestsForDescribeBlock (/Users/imokokok/Documents/foresight-build/insight/node_modules/jest-circus/build/jestAdapterInit.js:862:11)\n    at _runTestsForDescribeBlock (/Users/imokokok/Documents/foresight-build/insight/node_modules/jest-circus/build/jestAdapterInit.js:857:11)\n    at _runTestsForDescribeBlock (/Users/imokokok/Documents/foresight-build/insight/node_modules/jest-circus/build/jestAdapterInit.js:857:11)\n    at run (/Users/imokokok/Documents/foresight-build/insight/node_modules/jest-circus/build/jestAdapterInit.js:761:3)\n    at runAndTransformResultsToJestFormat (/Users/imokokok/Documents/foresight-build/insight/node_modules/jest-circus/build/jestAdapterInit.js:1918:21)\n    at jestAdapter (/Users/imokokok/Documents/foresight-build/insight/node_modules/jest-circus/build/runner.js:101:19)\n    at runTestInternal (/Users/imokokok/Documents/foresight-build/insight/node_modules/jest-runner/build/testWorker.js:275:16)\n    at runTest (/Users/imokokok/Documents/foresight-build/insight/node_modules/jest-runner/build/testWorker.js:343:7)\n    at Object.worker (/Users/imokokok/Documents/foresight-build/insight/node_modules/jest-runner/build/testWorker.js:497:12)"
          ],
          "fullName": "riskMetrics calculateRiskMetrics should return high overall risk for score 50-69",
          "invocations": 1,
          "location": null,
          "numPassingAsserts": 0,
          "retryReasons": [],
          "startAt": 1775892845554,
          "status": "failed",
          "title": "should return high overall risk for score 50-69"
        },
        {
          "ancestorTitles": ["riskMetrics", "calculateRiskMetrics"],
          "duration": 1,
          "failing": false,
          "failureDetails": [],
          "failureMessages": [],
          "fullName": "riskMetrics calculateRiskMetrics should return critical overall risk for score >= 70",
          "invocations": 1,
          "location": null,
          "numPassingAsserts": 0,
          "retryReasons": [],
          "startAt": 1775892845555,
          "status": "passed",
          "title": "should return critical overall risk for score >= 70"
        },
        {
          "ancestorTitles": ["riskMetrics", "calculateRiskMetrics"],
          "duration": 3,
          "failing": false,
          "failureDetails": [],
          "failureMessages": [],
          "fullName": "riskMetrics calculateRiskMetrics should handle errors gracefully",
          "invocations": 1,
          "location": null,
          "numPassingAsserts": 4,
          "retryReasons": [],
          "startAt": 1775892845556,
          "status": "passed",
          "title": "should handle errors gracefully"
        },
        {
          "ancestorTitles": ["riskMetrics", "calculateRiskMetrics"],
          "duration": 6,
          "failing": false,
          "failureDetails": [],
          "failureMessages": [],
          "fullName": "riskMetrics calculateRiskMetrics should include timestamp in overall risk",
          "invocations": 1,
          "location": null,
          "numPassingAsserts": 2,
          "retryReasons": [],
          "startAt": 1775892845559,
          "status": "passed",
          "title": "should include timestamp in overall risk"
        },
        {
          "ancestorTitles": ["riskMetrics", "getRiskLevelColor"],
          "duration": 0,
          "failing": false,
          "failureDetails": [],
          "failureMessages": [],
          "fullName": "riskMetrics getRiskLevelColor should return correct color for low risk",
          "invocations": 1,
          "location": null,
          "numPassingAsserts": 2,
          "retryReasons": [],
          "startAt": 1775892845565,
          "status": "passed",
          "title": "should return correct color for low risk"
        },
        {
          "ancestorTitles": ["riskMetrics", "getRiskLevelColor"],
          "duration": 0,
          "failing": false,
          "failureDetails": [],
          "failureMessages": [],
          "fullName": "riskMetrics getRiskLevelColor should return correct color for medium risk",
          "invocations": 1,
          "location": null,
          "numPassingAsserts": 2,
          "retryReasons": [],
          "startAt": 1775892845565,
          "status": "passed",
          "title": "should return correct color for medium risk"
        },
        {
          "ancestorTitles": ["riskMetrics", "getRiskLevelColor"],
          "duration": 1,
          "failing": false,
          "failureDetails": [],
          "failureMessages": [],
          "fullName": "riskMetrics getRiskLevelColor should return correct color for high risk",
          "invocations": 1,
          "location": null,
          "numPassingAsserts": 2,
          "retryReasons": [],
          "startAt": 1775892845565,
          "status": "passed",
          "title": "should return correct color for high risk"
        },
        {
          "ancestorTitles": ["riskMetrics", "getRiskLevelColor"],
          "duration": 0,
          "failing": false,
          "failureDetails": [],
          "failureMessages": [],
          "fullName": "riskMetrics getRiskLevelColor should return correct color for critical risk",
          "invocations": 1,
          "location": null,
          "numPassingAsserts": 2,
          "retryReasons": [],
          "startAt": 1775892845566,
          "status": "passed",
          "title": "should return correct color for critical risk"
        },
        {
          "ancestorTitles": ["riskMetrics", "getRiskLevelText"],
          "duration": 0,
          "failing": false,
          "failureDetails": [],
          "failureMessages": [],
          "fullName": "riskMetrics getRiskLevelText should return correct text key for low risk",
          "invocations": 1,
          "location": null,
          "numPassingAsserts": 1,
          "retryReasons": [],
          "startAt": 1775892845566,
          "status": "passed",
          "title": "should return correct text key for low risk"
        },
        {
          "ancestorTitles": ["riskMetrics", "getRiskLevelText"],
          "duration": 1,
          "failing": false,
          "failureDetails": [],
          "failureMessages": [],
          "fullName": "riskMetrics getRiskLevelText should return correct text key for medium risk",
          "invocations": 1,
          "location": null,
          "numPassingAsserts": 1,
          "retryReasons": [],
          "startAt": 1775892845566,
          "status": "passed",
          "title": "should return correct text key for medium risk"
        },
        {
          "ancestorTitles": ["riskMetrics", "getRiskLevelText"],
          "duration": 0,
          "failing": false,
          "failureDetails": [],
          "failureMessages": [],
          "fullName": "riskMetrics getRiskLevelText should return correct text key for high risk",
          "invocations": 1,
          "location": null,
          "numPassingAsserts": 1,
          "retryReasons": [],
          "startAt": 1775892845567,
          "status": "passed",
          "title": "should return correct text key for high risk"
        },
        {
          "ancestorTitles": ["riskMetrics", "getRiskLevelText"],
          "duration": 0,
          "failing": false,
          "failureDetails": [],
          "failureMessages": [],
          "fullName": "riskMetrics getRiskLevelText should return correct text key for critical risk",
          "invocations": 1,
          "location": null,
          "numPassingAsserts": 1,
          "retryReasons": [],
          "startAt": 1775892845567,
          "status": "passed",
          "title": "should return correct text key for critical risk"
        }
      ],
      "endTime": 1775892845617,
      "message": "\u001b[1m\u001b[31m  \u001b[1m● \u001b[22m\u001b[1mriskMetrics › calculateRiskMetrics › should return high overall risk for score 50-69\u001b[39m\u001b[22m\n\n    TypeError: Cannot set properties of undefined (setting 'share')\n\u001b[2m\u001b[22m\n\u001b[2m    \u001b[0m \u001b[90m 858 |\u001b[39m       oracleData[\u001b[35m2\u001b[39m]\u001b[33m.\u001b[39mshare \u001b[33m=\u001b[39m \u001b[35m10\u001b[39m\u001b[33m;\u001b[39m\u001b[22m\n\u001b[2m     \u001b[90m 859 |\u001b[39m       oracleData[\u001b[35m3\u001b[39m]\u001b[33m.\u001b[39mshare \u001b[33m=\u001b[39m \u001b[35m5\u001b[39m\u001b[33m;\u001b[39m\u001b[22m\n\u001b[2m    \u001b[31m\u001b[1m>\u001b[22m\u001b[2m\u001b[39m\u001b[90m 860 |\u001b[39m       oracleData[\u001b[35m4\u001b[39m]\u001b[33m.\u001b[39mshare \u001b[33m=\u001b[39m \u001b[35m5\u001b[39m\u001b[33m;\u001b[39m\u001b[22m\n\u001b[2m     \u001b[90m     |\u001b[39m                          \u001b[31m\u001b[1m^\u001b[22m\u001b[2m\u001b[39m\u001b[22m\n\u001b[2m     \u001b[90m 861 |\u001b[39m\u001b[22m\n\u001b[2m     \u001b[90m 862 |\u001b[39m       \u001b[36mconst\u001b[39m result \u001b[33m=\u001b[39m calculateRiskMetrics(\u001b[22m\n\u001b[2m     \u001b[90m 863 |\u001b[39m         oracleData\u001b[33m,\u001b[39m\u001b[0m\u001b[22m\n\u001b[2m\u001b[22m\n\u001b[2m      \u001b[2mat Object.<anonymous> (\u001b[22m\u001b[2m\u001b[0m\u001b[36msrc/lib/analytics/__tests__/riskMetrics.test.ts\u001b[39m\u001b[0m\u001b[2m:860:26)\u001b[22m\u001b[2m\u001b[22m\n",
      "name": "/Users/imokokok/Documents/foresight-build/insight/src/lib/analytics/__tests__/riskMetrics.test.ts",
      "startTime": 1775892845230,
      "status": "failed",
      "summary": ""
    },
    {
      "assertionResults": [
        {
          "ancestorTitles": ["calculateCDF", "基本功能"],
          "duration": 4,
          "failing": false,
          "failureDetails": [],
          "failureMessages": [],
          "fullName": "calculateCDF 基本功能 should calculate CDF for normal data",
          "invocations": 1,
          "location": null,
          "numPassingAsserts": 4,
          "retryReasons": [],
          "startAt": 1775892845473,
          "status": "passed",
          "title": "should calculate CDF for normal data"
        },
        {
          "ancestorTitles": ["calculateCDF", "基本功能"],
          "duration": 1,
          "failing": false,
          "failureDetails": [],
          "failureMessages": [],
          "fullName": "calculateCDF 基本功能 should calculate correct probability values",
          "invocations": 1,
          "location": null,
          "numPassingAsserts": 2,
          "retryReasons": [],
          "startAt": 1775892845477,
          "status": "passed",
          "title": "should calculate correct probability values"
        },
        {
          "ancestorTitles": ["calculateCDF", "基本功能"],
          "duration": 28,
          "failing": false,
          "failureDetails": [],
          "failureMessages": [],
          "fullName": "calculateCDF 基本功能 should calculate probability range between 0 and 100",
          "invocations": 1,
          "location": null,
          "numPassingAsserts": 202,
          "retryReasons": [],
          "startAt": 1775892845478,
          "status": "passed",
          "title": "should calculate probability range between 0 and 100"
        },
        {
          "ancestorTitles": ["calculateCDF", "分位数计算"],
          "duration": 1,
          "failing": false,
          "failureDetails": [],
          "failureMessages": [],
          "fullName": "calculateCDF 分位数计算 should calculate P50 (median) correctly",
          "invocations": 1,
          "location": null,
          "numPassingAsserts": 1,
          "retryReasons": [],
          "startAt": 1775892845506,
          "status": "passed",
          "title": "should calculate P50 (median) correctly"
        },
        {
          "ancestorTitles": ["calculateCDF", "分位数计算"],
          "duration": 1,
          "failing": false,
          "failureDetails": [],
          "failureMessages": [],
          "fullName": "calculateCDF 分位数计算 should calculate P95 correctly",
          "invocations": 1,
          "location": null,
          "numPassingAsserts": 1,
          "retryReasons": [],
          "startAt": 1775892845507,
          "status": "passed",
          "title": "should calculate P95 correctly"
        },
        {
          "ancestorTitles": ["calculateCDF", "分位数计算"],
          "duration": 1,
          "failing": false,
          "failureDetails": [],
          "failureMessages": [],
          "fullName": "calculateCDF 分位数计算 should calculate P99 correctly",
          "invocations": 1,
          "location": null,
          "numPassingAsserts": 1,
          "retryReasons": [],
          "startAt": 1775892845508,
          "status": "passed",
          "title": "should calculate P99 correctly"
        },
        {
          "ancestorTitles": ["calculateCDF", "均值和标准差计算"],
          "duration": 0,
          "failing": false,
          "failureDetails": [],
          "failureMessages": [],
          "fullName": "calculateCDF 均值和标准差计算 should calculate mean correctly",
          "invocations": 1,
          "location": null,
          "numPassingAsserts": 1,
          "retryReasons": [],
          "startAt": 1775892845509,
          "status": "passed",
          "title": "should calculate mean correctly"
        },
        {
          "ancestorTitles": ["calculateCDF", "均值和标准差计算"],
          "duration": 0,
          "failing": false,
          "failureDetails": [],
          "failureMessages": [],
          "fullName": "calculateCDF 均值和标准差计算 should calculate standard deviation correctly",
          "invocations": 1,
          "location": null,
          "numPassingAsserts": 1,
          "retryReasons": [],
          "startAt": 1775892845509,
          "status": "passed",
          "title": "should calculate standard deviation correctly"
        },
        {
          "ancestorTitles": ["calculateCDF", "均值和标准差计算"],
          "duration": 0,
          "failing": false,
          "failureDetails": [],
          "failureMessages": [],
          "fullName": "calculateCDF 均值和标准差计算 should return zero stdDev for identical values",
          "invocations": 1,
          "location": null,
          "numPassingAsserts": 1,
          "retryReasons": [],
          "startAt": 1775892845509,
          "status": "passed",
          "title": "should return zero stdDev for identical values"
        },
        {
          "ancestorTitles": ["calculateCDF", "边界条件"],
          "duration": 2,
          "failing": false,
          "failureDetails": [
            {
              "matcherResult": {
                "actual": null,
                "expected": 0,
                "message": "\u001b[2mexpect(\u001b[22m\u001b[31mreceived\u001b[39m\u001b[2m).\u001b[22mtoBe\u001b[2m(\u001b[22m\u001b[32mexpected\u001b[39m\u001b[2m) // Object.is equality\u001b[22m\n\nExpected: \u001b[32m0\u001b[39m\nReceived: \u001b[31mNaN\u001b[39m",
                "name": "toBe",
                "pass": false
              }
            }
          ],
          "failureMessages": [
            "Error: \u001b[2mexpect(\u001b[22m\u001b[31mreceived\u001b[39m\u001b[2m).\u001b[22mtoBe\u001b[2m(\u001b[22m\u001b[32mexpected\u001b[39m\u001b[2m) // Object.is equality\u001b[22m\n\nExpected: \u001b[32m0\u001b[39m\nReceived: \u001b[31mNaN\u001b[39m\n    at Object.toBe (/Users/imokokok/Documents/foresight-build/insight/src/lib/utils/__tests__/statistics.test.ts:90:26)\n    at Promise.finally.completed (/Users/imokokok/Documents/foresight-build/insight/node_modules/jest-circus/build/jestAdapterInit.js:1557:28)\n    at new Promise (<anonymous>)\n    at callAsyncCircusFn (/Users/imokokok/Documents/foresight-build/insight/node_modules/jest-circus/build/jestAdapterInit.js:1497:10)\n    at _callCircusTest (/Users/imokokok/Documents/foresight-build/insight/node_modules/jest-circus/build/jestAdapterInit.js:1007:40)\n    at processTicksAndRejections (node:internal/process/task_queues:95:5)\n    at _runTest (/Users/imokokok/Documents/foresight-build/insight/node_modules/jest-circus/build/jestAdapterInit.js:947:3)\n    at /Users/imokokok/Documents/foresight-build/insight/node_modules/jest-circus/build/jestAdapterInit.js:849:7\n    at _runTestsForDescribeBlock (/Users/imokokok/Documents/foresight-build/insight/node_modules/jest-circus/build/jestAdapterInit.js:862:11)\n    at _runTestsForDescribeBlock (/Users/imokokok/Documents/foresight-build/insight/node_modules/jest-circus/build/jestAdapterInit.js:857:11)\n    at _runTestsForDescribeBlock (/Users/imokokok/Documents/foresight-build/insight/node_modules/jest-circus/build/jestAdapterInit.js:857:11)\n    at run (/Users/imokokok/Documents/foresight-build/insight/node_modules/jest-circus/build/jestAdapterInit.js:761:3)\n    at runAndTransformResultsToJestFormat (/Users/imokokok/Documents/foresight-build/insight/node_modules/jest-circus/build/jestAdapterInit.js:1918:21)\n    at jestAdapter (/Users/imokokok/Documents/foresight-build/insight/node_modules/jest-circus/build/runner.js:101:19)\n    at runTestInternal (/Users/imokokok/Documents/foresight-build/insight/node_modules/jest-runner/build/testWorker.js:275:16)\n    at runTest (/Users/imokokok/Documents/foresight-build/insight/node_modules/jest-runner/build/testWorker.js:343:7)\n    at Object.worker (/Users/imokokok/Documents/foresight-build/insight/node_modules/jest-runner/build/testWorker.js:497:12)"
          ],
          "fullName": "calculateCDF 边界条件 should handle empty array",
          "invocations": 1,
          "location": null,
          "numPassingAsserts": 1,
          "retryReasons": [],
          "startAt": 1775892845509,
          "status": "failed",
          "title": "should handle empty array"
        },
        {
          "ancestorTitles": ["calculateCDF", "边界条件"],
          "duration": 0,
          "failing": false,
          "failureDetails": [],
          "failureMessages": [],
          "fullName": "calculateCDF 边界条件 should handle single element",
          "invocations": 1,
          "location": null,
          "numPassingAsserts": 10,
          "retryReasons": [],
          "startAt": 1775892845524,
          "status": "passed",
          "title": "should handle single element"
        },
        {
          "ancestorTitles": ["calculateCDF", "边界条件"],
          "duration": 2,
          "failing": false,
          "failureDetails": [],
          "failureMessages": [],
          "fullName": "calculateCDF 边界条件 should handle all identical values",
          "invocations": 1,
          "location": null,
          "numPassingAsserts": 8,
          "retryReasons": [],
          "startAt": 1775892845527,
          "status": "passed",
          "title": "should handle all identical values"
        },
        {
          "ancestorTitles": ["calculateCDF", "自定义步数"],
          "duration": 0,
          "failing": false,
          "failureDetails": [],
          "failureMessages": [],
          "fullName": "calculateCDF 自定义步数 should respect custom steps parameter",
          "invocations": 1,
          "location": null,
          "numPassingAsserts": 1,
          "retryReasons": [],
          "startAt": 1775892845529,
          "status": "passed",
          "title": "should respect custom steps parameter"
        },
        {
          "ancestorTitles": ["calculateCDF", "自定义步数"],
          "duration": 0,
          "failing": false,
          "failureDetails": [],
          "failureMessages": [],
          "fullName": "calculateCDF 自定义步数 should work with steps = 1",
          "invocations": 1,
          "location": null,
          "numPassingAsserts": 1,
          "retryReasons": [],
          "startAt": 1775892845529,
          "status": "passed",
          "title": "should work with steps = 1"
        },
        {
          "ancestorTitles": ["calculatePercentile", "基本功能"],
          "duration": 0,
          "failing": false,
          "failureDetails": [],
          "failureMessages": [],
          "fullName": "calculatePercentile 基本功能 should calculate median (P50) correctly for odd length",
          "invocations": 1,
          "location": null,
          "numPassingAsserts": 1,
          "retryReasons": [],
          "startAt": 1775892845530,
          "status": "passed",
          "title": "should calculate median (P50) correctly for odd length"
        },
        {
          "ancestorTitles": ["calculatePercentile", "基本功能"],
          "duration": 1,
          "failing": false,
          "failureDetails": [],
          "failureMessages": [],
          "fullName": "calculatePercentile 基本功能 should calculate median (P50) correctly for even length",
          "invocations": 1,
          "location": null,
          "numPassingAsserts": 1,
          "retryReasons": [],
          "startAt": 1775892845533,
          "status": "passed",
          "title": "should calculate median (P50) correctly for even length"
        },
        {
          "ancestorTitles": ["calculatePercentile", "基本功能"],
          "duration": 0,
          "failing": false,
          "failureDetails": [],
          "failureMessages": [],
          "fullName": "calculatePercentile 基本功能 should calculate P25 correctly",
          "invocations": 1,
          "location": null,
          "numPassingAsserts": 1,
          "retryReasons": [],
          "startAt": 1775892845534,
          "status": "passed",
          "title": "should calculate P25 correctly"
        },
        {
          "ancestorTitles": ["calculatePercentile", "基本功能"],
          "duration": 0,
          "failing": false,
          "failureDetails": [],
          "failureMessages": [],
          "fullName": "calculatePercentile 基本功能 should calculate P75 correctly",
          "invocations": 1,
          "location": null,
          "numPassingAsserts": 1,
          "retryReasons": [],
          "startAt": 1775892845534,
          "status": "passed",
          "title": "should calculate P75 correctly"
        },
        {
          "ancestorTitles": ["calculatePercentile", "插值方法"],
          "duration": 0,
          "failing": false,
          "failureDetails": [],
          "failureMessages": [],
          "fullName": "calculatePercentile 插值方法 should interpolate between values correctly",
          "invocations": 1,
          "location": null,
          "numPassingAsserts": 1,
          "retryReasons": [],
          "startAt": 1775892845534,
          "status": "passed",
          "title": "should interpolate between values correctly"
        },
        {
          "ancestorTitles": ["calculatePercentile", "插值方法"],
          "duration": 1,
          "failing": false,
          "failureDetails": [],
          "failureMessages": [],
          "fullName": "calculatePercentile 插值方法 should handle non-integer index interpolation",
          "invocations": 1,
          "location": null,
          "numPassingAsserts": 1,
          "retryReasons": [],
          "startAt": 1775892845534,
          "status": "passed",
          "title": "should handle non-integer index interpolation"
        },
        {
          "ancestorTitles": ["calculatePercentile", "插值方法"],
          "duration": 0,
          "failing": false,
          "failureDetails": [],
          "failureMessages": [],
          "fullName": "calculatePercentile 插值方法 should return exact value when index is integer",
          "invocations": 1,
          "location": null,
          "numPassingAsserts": 1,
          "retryReasons": [],
          "startAt": 1775892845535,
          "status": "passed",
          "title": "should return exact value when index is integer"
        },
        {
          "ancestorTitles": ["calculatePercentile", "边界条件"],
          "duration": 1,
          "failing": false,
          "failureDetails": [
            {
              "matcherResult": {
                "actual": null,
                "expected": 0,
                "message": "\u001b[2mexpect(\u001b[22m\u001b[31mreceived\u001b[39m\u001b[2m).\u001b[22mtoBe\u001b[2m(\u001b[22m\u001b[32mexpected\u001b[39m\u001b[2m) // Object.is equality\u001b[22m\n\nExpected: \u001b[32m0\u001b[39m\nReceived: \u001b[31mNaN\u001b[39m",
                "name": "toBe",
                "pass": false
              }
            }
          ],
          "failureMessages": [
            "Error: \u001b[2mexpect(\u001b[22m\u001b[31mreceived\u001b[39m\u001b[2m).\u001b[22mtoBe\u001b[2m(\u001b[22m\u001b[32mexpected\u001b[39m\u001b[2m) // Object.is equality\u001b[22m\n\nExpected: \u001b[32m0\u001b[39m\nReceived: \u001b[31mNaN\u001b[39m\n    at Object.toBe (/Users/imokokok/Documents/foresight-build/insight/src/lib/utils/__tests__/statistics.test.ts:205:22)\n    at Promise.finally.completed (/Users/imokokok/Documents/foresight-build/insight/node_modules/jest-circus/build/jestAdapterInit.js:1557:28)\n    at new Promise (<anonymous>)\n    at callAsyncCircusFn (/Users/imokokok/Documents/foresight-build/insight/node_modules/jest-circus/build/jestAdapterInit.js:1497:10)\n    at _callCircusTest (/Users/imokokok/Documents/foresight-build/insight/node_modules/jest-circus/build/jestAdapterInit.js:1007:40)\n    at processTicksAndRejections (node:internal/process/task_queues:95:5)\n    at _runTest (/Users/imokokok/Documents/foresight-build/insight/node_modules/jest-circus/build/jestAdapterInit.js:947:3)\n    at /Users/imokokok/Documents/foresight-build/insight/node_modules/jest-circus/build/jestAdapterInit.js:849:7\n    at _runTestsForDescribeBlock (/Users/imokokok/Documents/foresight-build/insight/node_modules/jest-circus/build/jestAdapterInit.js:862:11)\n    at _runTestsForDescribeBlock (/Users/imokokok/Documents/foresight-build/insight/node_modules/jest-circus/build/jestAdapterInit.js:857:11)\n    at _runTestsForDescribeBlock (/Users/imokokok/Documents/foresight-build/insight/node_modules/jest-circus/build/jestAdapterInit.js:857:11)\n    at run (/Users/imokokok/Documents/foresight-build/insight/node_modules/jest-circus/build/jestAdapterInit.js:761:3)\n    at runAndTransformResultsToJestFormat (/Users/imokokok/Documents/foresight-build/insight/node_modules/jest-circus/build/jestAdapterInit.js:1918:21)\n    at jestAdapter (/Users/imokokok/Documents/foresight-build/insight/node_modules/jest-circus/build/runner.js:101:19)\n    at runTestInternal (/Users/imokokok/Documents/foresight-build/insight/node_modules/jest-runner/build/testWorker.js:275:16)\n    at runTest (/Users/imokokok/Documents/foresight-build/insight/node_modules/jest-runner/build/testWorker.js:343:7)\n    at Object.worker (/Users/imokokok/Documents/foresight-build/insight/node_modules/jest-runner/build/testWorker.js:497:12)"
          ],
          "fullName": "calculatePercentile 边界条件 should return 0 for empty array",
          "invocations": 1,
          "location": null,
          "numPassingAsserts": 0,
          "retryReasons": [],
          "startAt": 1775892845535,
          "status": "failed",
          "title": "should return 0 for empty array"
        },
        {
          "ancestorTitles": ["calculatePercentile", "边界条件"],
          "duration": 0,
          "failing": false,
          "failureDetails": [],
          "failureMessages": [],
          "fullName": "calculatePercentile 边界条件 should return first element for percentile <= 0",
          "invocations": 1,
          "location": null,
          "numPassingAsserts": 3,
          "retryReasons": [],
          "startAt": 1775892845536,
          "status": "passed",
          "title": "should return first element for percentile <= 0"
        },
        {
          "ancestorTitles": ["calculatePercentile", "边界条件"],
          "duration": 0,
          "failing": false,
          "failureDetails": [],
          "failureMessages": [],
          "fullName": "calculatePercentile 边界条件 should return last element for percentile >= 100",
          "invocations": 1,
          "location": null,
          "numPassingAsserts": 2,
          "retryReasons": [],
          "startAt": 1775892845536,
          "status": "passed",
          "title": "should return last element for percentile >= 100"
        },
        {
          "ancestorTitles": ["calculatePercentile", "边界条件"],
          "duration": 0,
          "failing": false,
          "failureDetails": [],
          "failureMessages": [],
          "fullName": "calculatePercentile 边界条件 should handle single element array",
          "invocations": 1,
          "location": null,
          "numPassingAsserts": 3,
          "retryReasons": [],
          "startAt": 1775892845536,
          "status": "passed",
          "title": "should handle single element array"
        },
        {
          "ancestorTitles": ["calculateQuantiles", "基本功能"],
          "duration": 2,
          "failing": false,
          "failureDetails": [],
          "failureMessages": [],
          "fullName": "calculateQuantiles 基本功能 should calculate all quantiles correctly",
          "invocations": 1,
          "location": null,
          "numPassingAsserts": 5,
          "retryReasons": [],
          "startAt": 1775892845537,
          "status": "passed",
          "title": "should calculate all quantiles correctly"
        },
        {
          "ancestorTitles": ["calculateQuantiles", "基本功能"],
          "duration": 1,
          "failing": false,
          "failureDetails": [],
          "failureMessages": [],
          "fullName": "calculateQuantiles 基本功能 should return correct structure",
          "invocations": 1,
          "location": null,
          "numPassingAsserts": 5,
          "retryReasons": [],
          "startAt": 1775892845539,
          "status": "passed",
          "title": "should return correct structure"
        },
        {
          "ancestorTitles": ["calculateQuantiles", "基本功能"],
          "duration": 0,
          "failing": false,
          "failureDetails": [],
          "failureMessages": [],
          "fullName": "calculateQuantiles 基本功能 should calculate P50 (median) correctly",
          "invocations": 1,
          "location": null,
          "numPassingAsserts": 1,
          "retryReasons": [],
          "startAt": 1775892845540,
          "status": "passed",
          "title": "should calculate P50 (median) correctly"
        },
        {
          "ancestorTitles": ["calculateQuantiles", "基本功能"],
          "duration": 1,
          "failing": false,
          "failureDetails": [],
          "failureMessages": [],
          "fullName": "calculateQuantiles 基本功能 should calculate P90 correctly",
          "invocations": 1,
          "location": null,
          "numPassingAsserts": 1,
          "retryReasons": [],
          "startAt": 1775892845540,
          "status": "passed",
          "title": "should calculate P90 correctly"
        },
        {
          "ancestorTitles": ["calculateQuantiles", "基本功能"],
          "duration": 0,
          "failing": false,
          "failureDetails": [],
          "failureMessages": [],
          "fullName": "calculateQuantiles 基本功能 should calculate P95 correctly",
          "invocations": 1,
          "location": null,
          "numPassingAsserts": 1,
          "retryReasons": [],
          "startAt": 1775892845541,
          "status": "passed",
          "title": "should calculate P95 correctly"
        },
        {
          "ancestorTitles": ["calculateQuantiles", "基本功能"],
          "duration": 0,
          "failing": false,
          "failureDetails": [],
          "failureMessages": [],
          "fullName": "calculateQuantiles 基本功能 should calculate P99 correctly",
          "invocations": 1,
          "location": null,
          "numPassingAsserts": 1,
          "retryReasons": [],
          "startAt": 1775892845541,
          "status": "passed",
          "title": "should calculate P99 correctly"
        },
        {
          "ancestorTitles": ["calculateQuantiles", "基本功能"],
          "duration": 0,
          "failing": false,
          "failureDetails": [],
          "failureMessages": [],
          "fullName": "calculateQuantiles 基本功能 should calculate P99.9 correctly",
          "invocations": 1,
          "location": null,
          "numPassingAsserts": 1,
          "retryReasons": [],
          "startAt": 1775892845541,
          "status": "passed",
          "title": "should calculate P99.9 correctly"
        },
        {
          "ancestorTitles": ["calculateQuantiles", "边界条件"],
          "duration": 3,
          "failing": false,
          "failureDetails": [
            {
              "matcherResult": {
                "actual": { "p50": null, "p90": null, "p95": null, "p99": null, "p999": null },
                "expected": { "p50": 0, "p90": 0, "p95": 0, "p99": 0, "p999": 0 },
                "message": "\u001b[2mexpect(\u001b[22m\u001b[31mreceived\u001b[39m\u001b[2m).\u001b[22mtoEqual\u001b[2m(\u001b[22m\u001b[32mexpected\u001b[39m\u001b[2m) // deep equality\u001b[22m\n\n\u001b[32m- Expected  - 5\u001b[39m\n\u001b[31m+ Received  + 5\u001b[39m\n\n\u001b[2m  Object {\u001b[22m\n\u001b[32m-   \"p50\": 0,\u001b[39m\n\u001b[32m-   \"p90\": 0,\u001b[39m\n\u001b[32m-   \"p95\": 0,\u001b[39m\n\u001b[32m-   \"p99\": 0,\u001b[39m\n\u001b[32m-   \"p999\": 0,\u001b[39m\n\u001b[31m+   \"p50\": NaN,\u001b[39m\n\u001b[31m+   \"p90\": NaN,\u001b[39m\n\u001b[31m+   \"p95\": NaN,\u001b[39m\n\u001b[31m+   \"p99\": NaN,\u001b[39m\n\u001b[31m+   \"p999\": NaN,\u001b[39m\n\u001b[2m  }\u001b[22m",
                "name": "toEqual",
                "pass": false
              }
            }
          ],
          "failureMessages": [
            "Error: \u001b[2mexpect(\u001b[22m\u001b[31mreceived\u001b[39m\u001b[2m).\u001b[22mtoEqual\u001b[2m(\u001b[22m\u001b[32mexpected\u001b[39m\u001b[2m) // deep equality\u001b[22m\n\n\u001b[32m- Expected  - 5\u001b[39m\n\u001b[31m+ Received  + 5\u001b[39m\n\n\u001b[2m  Object {\u001b[22m\n\u001b[32m-   \"p50\": 0,\u001b[39m\n\u001b[32m-   \"p90\": 0,\u001b[39m\n\u001b[32m-   \"p95\": 0,\u001b[39m\n\u001b[32m-   \"p99\": 0,\u001b[39m\n\u001b[32m-   \"p999\": 0,\u001b[39m\n\u001b[31m+   \"p50\": NaN,\u001b[39m\n\u001b[31m+   \"p90\": NaN,\u001b[39m\n\u001b[31m+   \"p95\": NaN,\u001b[39m\n\u001b[31m+   \"p99\": NaN,\u001b[39m\n\u001b[31m+   \"p999\": NaN,\u001b[39m\n\u001b[2m  }\u001b[22m\n    at Object.toEqual (/Users/imokokok/Documents/foresight-build/insight/src/lib/utils/__tests__/statistics.test.ts:297:22)\n    at Promise.finally.completed (/Users/imokokok/Documents/foresight-build/insight/node_modules/jest-circus/build/jestAdapterInit.js:1557:28)\n    at new Promise (<anonymous>)\n    at callAsyncCircusFn (/Users/imokokok/Documents/foresight-build/insight/node_modules/jest-circus/build/jestAdapterInit.js:1497:10)\n    at _callCircusTest (/Users/imokokok/Documents/foresight-build/insight/node_modules/jest-circus/build/jestAdapterInit.js:1007:40)\n    at processTicksAndRejections (node:internal/process/task_queues:95:5)\n    at _runTest (/Users/imokokok/Documents/foresight-build/insight/node_modules/jest-circus/build/jestAdapterInit.js:947:3)\n    at /Users/imokokok/Documents/foresight-build/insight/node_modules/jest-circus/build/jestAdapterInit.js:849:7\n    at _runTestsForDescribeBlock (/Users/imokokok/Documents/foresight-build/insight/node_modules/jest-circus/build/jestAdapterInit.js:862:11)\n    at _runTestsForDescribeBlock (/Users/imokokok/Documents/foresight-build/insight/node_modules/jest-circus/build/jestAdapterInit.js:857:11)\n    at _runTestsForDescribeBlock (/Users/imokokok/Documents/foresight-build/insight/node_modules/jest-circus/build/jestAdapterInit.js:857:11)\n    at run (/Users/imokokok/Documents/foresight-build/insight/node_modules/jest-circus/build/jestAdapterInit.js:761:3)\n    at runAndTransformResultsToJestFormat (/Users/imokokok/Documents/foresight-build/insight/node_modules/jest-circus/build/jestAdapterInit.js:1918:21)\n    at jestAdapter (/Users/imokokok/Documents/foresight-build/insight/node_modules/jest-circus/build/runner.js:101:19)\n    at runTestInternal (/Users/imokokok/Documents/foresight-build/insight/node_modules/jest-runner/build/testWorker.js:275:16)\n    at runTest (/Users/imokokok/Documents/foresight-build/insight/node_modules/jest-runner/build/testWorker.js:343:7)\n    at Object.worker (/Users/imokokok/Documents/foresight-build/insight/node_modules/jest-runner/build/testWorker.js:497:12)"
          ],
          "fullName": "calculateQuantiles 边界条件 should handle empty array",
          "invocations": 1,
          "location": null,
          "numPassingAsserts": 0,
          "retryReasons": [],
          "startAt": 1775892845542,
          "status": "failed",
          "title": "should handle empty array"
        },
        {
          "ancestorTitles": ["calculateQuantiles", "边界条件"],
          "duration": 0,
          "failing": false,
          "failureDetails": [],
          "failureMessages": [],
          "fullName": "calculateQuantiles 边界条件 should handle single element",
          "invocations": 1,
          "location": null,
          "numPassingAsserts": 5,
          "retryReasons": [],
          "startAt": 1775892845546,
          "status": "passed",
          "title": "should handle single element"
        },
        {
          "ancestorTitles": ["calculateQuantiles", "边界条件"],
          "duration": 1,
          "failing": false,
          "failureDetails": [],
          "failureMessages": [],
          "fullName": "calculateQuantiles 边界条件 should handle small array",
          "invocations": 1,
          "location": null,
          "numPassingAsserts": 5,
          "retryReasons": [],
          "startAt": 1775892845546,
          "status": "passed",
          "title": "should handle small array"
        },
        {
          "ancestorTitles": ["calculateQuantiles", "数据排序"],
          "duration": 0,
          "failing": false,
          "failureDetails": [],
          "failureMessages": [],
          "fullName": "calculateQuantiles 数据排序 should handle unsorted data",
          "invocations": 1,
          "location": null,
          "numPassingAsserts": 1,
          "retryReasons": [],
          "startAt": 1775892845547,
          "status": "passed",
          "title": "should handle unsorted data"
        },
        {
          "ancestorTitles": ["calculateQuantiles", "数据排序"],
          "duration": 0,
          "failing": false,
          "failureDetails": [],
          "failureMessages": [],
          "fullName": "calculateQuantiles 数据排序 should not modify original array",
          "invocations": 1,
          "location": null,
          "numPassingAsserts": 1,
          "retryReasons": [],
          "startAt": 1775892845547,
          "status": "passed",
          "title": "should not modify original array"
        },
        {
          "ancestorTitles": ["calculateHistogram", "基本功能"],
          "duration": 1,
          "failing": false,
          "failureDetails": [],
          "failureMessages": [],
          "fullName": "calculateHistogram 基本功能 should calculate histogram with default bin count",
          "invocations": 1,
          "location": null,
          "numPassingAsserts": 1,
          "retryReasons": [],
          "startAt": 1775892845547,
          "status": "passed",
          "title": "should calculate histogram with default bin count"
        },
        {
          "ancestorTitles": ["calculateHistogram", "基本功能"],
          "duration": 0,
          "failing": false,
          "failureDetails": [],
          "failureMessages": [],
          "fullName": "calculateHistogram 基本功能 should calculate histogram with custom bin count",
          "invocations": 1,
          "location": null,
          "numPassingAsserts": 1,
          "retryReasons": [],
          "startAt": 1775892845548,
          "status": "passed",
          "title": "should calculate histogram with custom bin count"
        },
        {
          "ancestorTitles": ["calculateHistogram", "基本功能"],
          "duration": 3,
          "failing": false,
          "failureDetails": [],
          "failureMessages": [],
          "fullName": "calculateHistogram 基本功能 should return correct bin structure",
          "invocations": 1,
          "location": null,
          "numPassingAsserts": 100,
          "retryReasons": [],
          "startAt": 1775892845548,
          "status": "passed",
          "title": "should return correct bin structure"
        },
        {
          "ancestorTitles": ["calculateHistogram", "分箱计算"],
          "duration": 1,
          "failing": false,
          "failureDetails": [],
          "failureMessages": [],
          "fullName": "calculateHistogram 分箱计算 should distribute values across bins correctly",
          "invocations": 1,
          "location": null,
          "numPassingAsserts": 1,
          "retryReasons": [],
          "startAt": 1775892845551,
          "status": "passed",
          "title": "should distribute values across bins correctly"
        },
        {
          "ancestorTitles": ["calculateHistogram", "分箱计算"],
          "duration": 0,
          "failing": false,
          "failureDetails": [],
          "failureMessages": [],
          "fullName": "calculateHistogram 分箱计算 should calculate correct min and max for each bin",
          "invocations": 1,
          "location": null,
          "numPassingAsserts": 4,
          "retryReasons": [],
          "startAt": 1775892845552,
          "status": "passed",
          "title": "should calculate correct min and max for each bin"
        },
        {
          "ancestorTitles": ["calculateHistogram", "分箱计算"],
          "duration": 0,
          "failing": false,
          "failureDetails": [],
          "failureMessages": [],
          "fullName": "calculateHistogram 分箱计算 should include max value in last bin",
          "invocations": 1,
          "location": null,
          "numPassingAsserts": 1,
          "retryReasons": [],
          "startAt": 1775892845552,
          "status": "passed",
          "title": "should include max value in last bin"
        },
        {
          "ancestorTitles": ["calculateHistogram", "百分比计算"],
          "duration": 0,
          "failing": false,
          "failureDetails": [],
          "failureMessages": [],
          "fullName": "calculateHistogram 百分比计算 should calculate percentage correctly",
          "invocations": 1,
          "location": null,
          "numPassingAsserts": 1,
          "retryReasons": [],
          "startAt": 1775892845552,
          "status": "passed",
          "title": "should calculate percentage correctly"
        },
        {
          "ancestorTitles": ["calculateHistogram", "百分比计算"],
          "duration": 2,
          "failing": false,
          "failureDetails": [],
          "failureMessages": [],
          "fullName": "calculateHistogram 百分比计算 should return percentage between 0 and 100",
          "invocations": 1,
          "location": null,
          "numPassingAsserts": 40,
          "retryReasons": [],
          "startAt": 1775892845552,
          "status": "passed",
          "title": "should return percentage between 0 and 100"
        },
        {
          "ancestorTitles": ["calculateHistogram", "百分比计算"],
          "duration": 1,
          "failing": false,
          "failureDetails": [],
          "failureMessages": [],
          "fullName": "calculateHistogram 百分比计算 should calculate percentage with precision",
          "invocations": 1,
          "location": null,
          "numPassingAsserts": 2,
          "retryReasons": [],
          "startAt": 1775892845554,
          "status": "passed",
          "title": "should calculate percentage with precision"
        },
        {
          "ancestorTitles": ["calculateHistogram", "所有值相同的情况"],
          "duration": 0,
          "failing": false,
          "failureDetails": [],
          "failureMessages": [],
          "fullName": "calculateHistogram 所有值相同的情况 should handle all identical values",
          "invocations": 1,
          "location": null,
          "numPassingAsserts": 6,
          "retryReasons": [],
          "startAt": 1775892845555,
          "status": "passed",
          "title": "should handle all identical values"
        },
        {
          "ancestorTitles": ["calculateHistogram", "边界条件"],
          "duration": 1,
          "failing": false,
          "failureDetails": [],
          "failureMessages": [],
          "fullName": "calculateHistogram 边界条件 should return empty array for empty input",
          "invocations": 1,
          "location": null,
          "numPassingAsserts": 1,
          "retryReasons": [],
          "startAt": 1775892845555,
          "status": "passed",
          "title": "should return empty array for empty input"
        },
        {
          "ancestorTitles": ["calculateHistogram", "边界条件"],
          "duration": 1,
          "failing": false,
          "failureDetails": [],
          "failureMessages": [],
          "fullName": "calculateHistogram 边界条件 should handle single element",
          "invocations": 1,
          "location": null,
          "numPassingAsserts": 3,
          "retryReasons": [],
          "startAt": 1775892845556,
          "status": "passed",
          "title": "should handle single element"
        },
        {
          "ancestorTitles": ["calculateHistogram", "边界条件"],
          "duration": 0,
          "failing": false,
          "failureDetails": [],
          "failureMessages": [],
          "fullName": "calculateHistogram 边界条件 should handle negative values",
          "invocations": 1,
          "location": null,
          "numPassingAsserts": 1,
          "retryReasons": [],
          "startAt": 1775892845557,
          "status": "passed",
          "title": "should handle negative values"
        },
        {
          "ancestorTitles": ["calculateHistogram", "边界条件"],
          "duration": 0,
          "failing": false,
          "failureDetails": [],
          "failureMessages": [],
          "fullName": "calculateHistogram 边界条件 should handle decimal values",
          "invocations": 1,
          "location": null,
          "numPassingAsserts": 1,
          "retryReasons": [],
          "startAt": 1775892845557,
          "status": "passed",
          "title": "should handle decimal values"
        },
        {
          "ancestorTitles": ["calculateHistogram", "range 字符串格式"],
          "duration": 0,
          "failing": false,
          "failureDetails": [],
          "failureMessages": [],
          "fullName": "calculateHistogram range 字符串格式 should generate correct range string",
          "invocations": 1,
          "location": null,
          "numPassingAsserts": 3,
          "retryReasons": [],
          "startAt": 1775892845557,
          "status": "passed",
          "title": "should generate correct range string"
        },
        {
          "ancestorTitles": ["函数间集成测试"],
          "duration": 0,
          "failing": false,
          "failureDetails": [],
          "failureMessages": [],
          "fullName": "函数间集成测试 should produce consistent results between calculateCDF and calculateQuantiles",
          "invocations": 1,
          "location": null,
          "numPassingAsserts": 3,
          "retryReasons": [],
          "startAt": 1775892845557,
          "status": "passed",
          "title": "should produce consistent results between calculateCDF and calculateQuantiles"
        },
        {
          "ancestorTitles": ["函数间集成测试"],
          "duration": 61,
          "failing": false,
          "failureDetails": [],
          "failureMessages": [],
          "fullName": "函数间集成测试 should handle large dataset efficiently",
          "invocations": 1,
          "location": null,
          "numPassingAsserts": 1,
          "retryReasons": [],
          "startAt": 1775892845557,
          "status": "passed",
          "title": "should handle large dataset efficiently"
        }
      ],
      "endTime": 1775892845655,
      "message": "\u001b[1m\u001b[31m  \u001b[1m● \u001b[22m\u001b[1mcalculateCDF › 边界条件 › should handle empty array\u001b[39m\u001b[22m\n\n    \u001b[2mexpect(\u001b[22m\u001b[31mreceived\u001b[39m\u001b[2m).\u001b[22mtoBe\u001b[2m(\u001b[22m\u001b[32mexpected\u001b[39m\u001b[2m) // Object.is equality\u001b[22m\n\n    Expected: \u001b[32m0\u001b[39m\n    Received: \u001b[31mNaN\u001b[39m\n\u001b[2m\u001b[22m\n\u001b[2m    \u001b[0m \u001b[90m 88 |\u001b[39m\u001b[22m\n\u001b[2m     \u001b[90m 89 |\u001b[39m       expect(result\u001b[33m.\u001b[39mpoints)\u001b[33m.\u001b[39mtoEqual([])\u001b[33m;\u001b[39m\u001b[22m\n\u001b[2m    \u001b[31m\u001b[1m>\u001b[22m\u001b[2m\u001b[39m\u001b[90m 90 |\u001b[39m       expect(result\u001b[33m.\u001b[39mp50)\u001b[33m.\u001b[39mtoBe(\u001b[35m0\u001b[39m)\u001b[33m;\u001b[39m\u001b[22m\n\u001b[2m     \u001b[90m    |\u001b[39m                          \u001b[31m\u001b[1m^\u001b[22m\u001b[2m\u001b[39m\u001b[22m\n\u001b[2m     \u001b[90m 91 |\u001b[39m       expect(result\u001b[33m.\u001b[39mp95)\u001b[33m.\u001b[39mtoBe(\u001b[35m0\u001b[39m)\u001b[33m;\u001b[39m\u001b[22m\n\u001b[2m     \u001b[90m 92 |\u001b[39m       expect(result\u001b[33m.\u001b[39mp99)\u001b[33m.\u001b[39mtoBe(\u001b[35m0\u001b[39m)\u001b[33m;\u001b[39m\u001b[22m\n\u001b[2m     \u001b[90m 93 |\u001b[39m       expect(result\u001b[33m.\u001b[39mmin)\u001b[33m.\u001b[39mtoBe(\u001b[35m0\u001b[39m)\u001b[33m;\u001b[39m\u001b[0m\u001b[22m\n\u001b[2m\u001b[22m\n\u001b[2m      \u001b[2mat Object.toBe (\u001b[22m\u001b[2m\u001b[0m\u001b[36msrc/lib/utils/__tests__/statistics.test.ts\u001b[39m\u001b[0m\u001b[2m:90:26)\u001b[22m\u001b[2m\u001b[22m\n\n\u001b[1m\u001b[31m  \u001b[1m● \u001b[22m\u001b[1mcalculatePercentile › 边界条件 › should return 0 for empty array\u001b[39m\u001b[22m\n\n    \u001b[2mexpect(\u001b[22m\u001b[31mreceived\u001b[39m\u001b[2m).\u001b[22mtoBe\u001b[2m(\u001b[22m\u001b[32mexpected\u001b[39m\u001b[2m) // Object.is equality\u001b[22m\n\n    Expected: \u001b[32m0\u001b[39m\n    Received: \u001b[31mNaN\u001b[39m\n\u001b[2m\u001b[22m\n\u001b[2m    \u001b[0m \u001b[90m 203 |\u001b[39m       \u001b[36mconst\u001b[39m result \u001b[33m=\u001b[39m calculatePercentile([]\u001b[33m,\u001b[39m \u001b[35m50\u001b[39m)\u001b[33m;\u001b[39m\u001b[22m\n\u001b[2m     \u001b[90m 204 |\u001b[39m\u001b[22m\n\u001b[2m    \u001b[31m\u001b[1m>\u001b[22m\u001b[2m\u001b[39m\u001b[90m 205 |\u001b[39m       expect(result)\u001b[33m.\u001b[39mtoBe(\u001b[35m0\u001b[39m)\u001b[33m;\u001b[39m\u001b[22m\n\u001b[2m     \u001b[90m     |\u001b[39m                      \u001b[31m\u001b[1m^\u001b[22m\u001b[2m\u001b[39m\u001b[22m\n\u001b[2m     \u001b[90m 206 |\u001b[39m     })\u001b[33m;\u001b[39m\u001b[22m\n\u001b[2m     \u001b[90m 207 |\u001b[39m\u001b[22m\n\u001b[2m     \u001b[90m 208 |\u001b[39m     it(\u001b[32m'should return first element for percentile <= 0'\u001b[39m\u001b[33m,\u001b[39m () \u001b[33m=>\u001b[39m {\u001b[0m\u001b[22m\n\u001b[2m\u001b[22m\n\u001b[2m      \u001b[2mat Object.toBe (\u001b[22m\u001b[2m\u001b[0m\u001b[36msrc/lib/utils/__tests__/statistics.test.ts\u001b[39m\u001b[0m\u001b[2m:205:22)\u001b[22m\u001b[2m\u001b[22m\n\n\u001b[1m\u001b[31m  \u001b[1m● \u001b[22m\u001b[1mcalculateQuantiles › 边界条件 › should handle empty array\u001b[39m\u001b[22m\n\n    \u001b[2mexpect(\u001b[22m\u001b[31mreceived\u001b[39m\u001b[2m).\u001b[22mtoEqual\u001b[2m(\u001b[22m\u001b[32mexpected\u001b[39m\u001b[2m) // deep equality\u001b[22m\n\n    \u001b[32m- Expected  - 5\u001b[39m\n    \u001b[31m+ Received  + 5\u001b[39m\n\n    \u001b[2m  Object {\u00
[...]
          "numPassingAsserts": 1,
          "retryReasons": [],
          "startAt": 1775892846223,
          "status": "passed",
          "title": "should handle zero prices"
        },
        {
          "ancestorTitles": ["anomalyDetection", "Edge Cases and Error Handling"],
          "duration": 1,
          "failing": false,
          "failureDetails": [],
          "failureMessages": [],
          "fullName": "anomalyDetection Edge Cases and Error Handling should handle negative volumes",
          "invocations": 1,
          "location": null,
          "numPassingAsserts": 1,
          "retryReasons": [],
          "startAt": 1775892846228,
          "status": "passed",
          "title": "should handle negative volumes"
        },
        {
          "ancestorTitles": ["anomalyDetection", "Edge Cases and Error Handling"],
          "duration": 6,
          "failing": false,
          "failureDetails": [],
          "failureMessages": [],
          "fullName": "anomalyDetection Edge Cases and Error Handling should handle mismatched array lengths",
          "invocations": 1,
          "location": null,
          "numPassingAsserts": 1,
          "retryReasons": [],
          "startAt": 1775892846229,
          "status": "passed",
          "title": "should handle mismatched array lengths"
        },
        {
          "ancestorTitles": ["anomalyDetection", "Edge Cases and Error Handling"],
          "duration": 30,
          "failing": false,
          "failureDetails": [],
          "failureMessages": [],
          "fullName": "anomalyDetection Edge Cases and Error Handling should handle very large datasets",
          "invocations": 1,
          "location": null,
          "numPassingAsserts": 1,
          "retryReasons": [],
          "startAt": 1775892846235,
          "status": "passed",
          "title": "should handle very large datasets"
        },
        {
          "ancestorTitles": ["anomalyDetection", "Edge Cases and Error Handling"],
          "duration": 3,
          "failing": false,
          "failureDetails": [],
          "failureMessages": [],
          "fullName": "anomalyDetection Edge Cases and Error Handling should handle single anomaly in dataset",
          "invocations": 1,
          "location": null,
          "numPassingAsserts": 2,
          "retryReasons": [],
          "startAt": 1775892846265,
          "status": "passed",
          "title": "should handle single anomaly in dataset"
        },
        {
          "ancestorTitles": ["anomalyDetection", "Edge Cases and Error Handling"],
          "duration": 0,
          "failing": false,
          "failureDetails": [],
          "failureMessages": [],
          "fullName": "anomalyDetection Edge Cases and Error Handling should handle all values being the same",
          "invocations": 1,
          "location": null,
          "numPassingAsserts": 4,
          "retryReasons": [],
          "startAt": 1775892846268,
          "status": "passed",
          "title": "should handle all values being the same"
        },
        {
          "ancestorTitles": ["anomalyDetection", "Type Exports"],
          "duration": 1,
          "failing": false,
          "failureDetails": [],
          "failureMessages": [],
          "fullName": "anomalyDetection Type Exports should export AnomalyLevel type",
          "invocations": 1,
          "location": null,
          "numPassingAsserts": 1,
          "retryReasons": [],
          "startAt": 1775892846268,
          "status": "passed",
          "title": "should export AnomalyLevel type"
        },
        {
          "ancestorTitles": ["anomalyDetection", "Type Exports"],
          "duration": 0,
          "failing": false,
          "failureDetails": [],
          "failureMessages": [],
          "fullName": "anomalyDetection Type Exports should export AnomalyType type",
          "invocations": 1,
          "location": null,
          "numPassingAsserts": 1,
          "retryReasons": [],
          "startAt": 1775892846269,
          "status": "passed",
          "title": "should export AnomalyType type"
        },
        {
          "ancestorTitles": ["anomalyDetection", "Type Exports"],
          "duration": 0,
          "failing": false,
          "failureDetails": [],
          "failureMessages": [],
          "fullName": "anomalyDetection Type Exports should export AnomalyData interface",
          "invocations": 1,
          "location": null,
          "numPassingAsserts": 3,
          "retryReasons": [],
          "startAt": 1775892846269,
          "status": "passed",
          "title": "should export AnomalyData interface"
        }
      ],
      "endTime": 1775892846270,
      "message": "",
      "name": "/Users/imokokok/Documents/foresight-build/insight/src/lib/analytics/__tests__/anomalyDetection.test.ts",
      "startTime": 1775892845982,
      "status": "passed",
      "summary": ""
    },
    {
      "assertionResults": [],
      "coverage": {},
      "endTime": 1775892846942,
      "message": "  \u001b[1m● \u001b[22mTest suite failed to run\n\n    TypeError: logger.warn is not a function\n\n    \u001b[0m \u001b[90m 59 |\u001b[39m       \u001b[36mreturn\u001b[39m \u001b[32m''\u001b[39m\u001b[33m;\u001b[39m\n     \u001b[90m 60 |\u001b[39m     }\n    \u001b[31m\u001b[1m>\u001b[22m\u001b[39m\u001b[90m 61 |\u001b[39m     logger\u001b[33m.\u001b[39mwarn(\u001b[32m`Missing environment variable: ${name}, using fallback`\u001b[39m)\u001b[33m;\u001b[39m\n     \u001b[90m    |\u001b[39m            \u001b[31m\u001b[1m^\u001b[22m\u001b[39m\n     \u001b[90m 62 |\u001b[39m     \u001b[36mreturn\u001b[39m \u001b[32m''\u001b[39m\u001b[33m;\u001b[39m\n     \u001b[90m 63 |\u001b[39m   }\n     \u001b[90m 64 |\u001b[39m   \u001b[36mreturn\u001b[39m value\u001b[33m;\u001b[39m\u001b[0m\n\n      \u001b[2mat warn (\u001b[22msrc/lib/config/env.ts\u001b[2m:61:12)\u001b[22m\n      \u001b[2mat validateEnvVar (\u001b[22msrc/lib/config/env.ts\u001b[2m:68:21)\u001b[22m\n      \u001b[2mat Object.validateUrl (\u001b[22msrc/lib/config/env.ts\u001b[2m:100:10)\u001b[22m\n      \u001b[2mat Object.<anonymous> (\u001b[22msrc/lib/monitoring/webVitals.ts\u001b[2m:34:14)\u001b[22m\n      \u001b[2mat Object.<anonymous> (\u001b[22msrc/lib/monitoring/index.ts\u001b[2m:47:20)\u001b[22m\n      \u001b[2mat Object.<anonymous> (\u001b[22msrc/lib/errors/errorRecovery.ts\u001b[2m:28:21)\u001b[22m\n      \u001b[2mat Object.<anonymous> (\u001b[22msrc/lib/errors/index.ts\u001b[2m:184:24)\u001b[22m\n      \u001b[2mat Object.<anonymous> (\u001b[22msrc/lib/validation/errorHandler.ts\u001b[2m:47:17)\u001b[22m\n      \u001b[2mat Object.<anonymous> (\u001b[22msrc/lib/validation/index.ts\u001b[2m:9:14)\u001b[22m\n      \u001b[2mat Object.<anonymous> (\u001b[22msrc/app/api/alerts/route.ts\u001b[2m:24:21)\u001b[22m\n      \u001b[2mat Object.<anonymous> (\u001b[22m\u001b[0m\u001b[36msrc/app/api/alerts/route.test.ts\u001b[39m\u001b[0m\u001b[2m:22:16)\u001b[22m\n",
      "name": "/Users/imokokok/Documents/foresight-build/insight/src/app/api/alerts/route.test.ts",
      "startTime": 1775892846942,
      "status": "failed",
      "summary": ""
    },
    {
      "assertionResults": [],
      "coverage": {},
      "endTime": 1775892846942,
      "message": "  \u001b[1m● \u001b[22mTest suite failed to run\n\n    ReferenceError: TextEncoder is not defined\n\n    \u001b[0m \u001b[90m 17 |\u001b[39m   answeredInRound\u001b[33m:\u001b[39m bigint\u001b[33m;\u001b[39m\n     \u001b[90m 18 |\u001b[39m   chainId\u001b[33m:\u001b[39m number\u001b[33m;\u001b[39m\n    \u001b[31m\u001b[1m>\u001b[22m\u001b[39m\u001b[90m 19 |\u001b[39m   \u001b[90m// Feed 元数据\u001b[39m\n     \u001b[90m    |\u001b[39m               \u001b[31m\u001b[1m^\u001b[22m\u001b[39m\n     \u001b[90m 20 |\u001b[39m   description\u001b[33m?\u001b[39m\u001b[33m:\u001b[39m string\u001b[33m;\u001b[39m\n     \u001b[90m 21 |\u001b[39m   version\u001b[33m?\u001b[39m\u001b[33m:\u001b[39m bigint\u001b[33m;\u001b[39m\n     \u001b[90m 22 |\u001b[39m   startedAt\u001b[33m?\u001b[39m\u001b[33m:\u001b[39m number\u001b[33m;\u001b[39m\u001b[0m\n\n      \u001b[2mat Object.<anonymous> (\u001b[22mnode_modules/viem/utils/encoding/toHex.ts\u001b[2m:225:31)\u001b[22m\n      \u001b[2mat Object.<anonymous> (\u001b[22mnode_modules/viem/utils/encoding/toBytes.ts\u001b[2m:8:1)\u001b[22m\n      \u001b[2mat Object.<anonymous> (\u001b[22mnode_modules/viem/utils/abi/encodeEventTopics.ts\u001b[2m:24:1)\u001b[22m\n      \u001b[2mat Object.<anonymous> (\u001b[22mnode_modules/viem/actions/public/createContractEventFilter.ts\u001b[2m:14:1)\u001b[22m\n      \u001b[2mat Object.<anonymous> (\u001b[22mnode_modules/viem/actions/getContract.ts\u001b[2m:34:1)\u001b[22m\n      \u001b[2mat Object.<anonymous> (\u001b[22mnode_modules/viem/index.ts\u001b[2m:93:1)\u001b[22m\n      \u001b[2mat Object.<anonymous> (\u001b[22msrc/lib/oracles/chainlinkOnChainService.ts\u001b[2m:19:15)\u001b[22m\n      \u001b[2mat Object.<anonymous> (\u001b[22msrc/lib/services/oracle/clients/chainlink.ts\u001b[2m:13:34)\u001b[22m\n      \u001b[2mat Object.<anonymous> (\u001b[22msrc/lib/oracles/index.ts\u001b[2m:172:20)\u001b[22m\n      \u001b[2mat Object.<anonymous> (\u001b[22msrc/app/[locale]/price-query/utils/cacheUtils.ts\u001b[2m:50:18)\u001b[22m\n      \u001b[2mat Object.<anonymous> (\u001b[22m\u001b[0m\u001b[36msrc/app/[locale]/price-query/utils/__tests__/cacheUtils.test.ts\u001b[39m\u001b[0m\u001b[2m:5:21)\u001b[22m\n",
      "name": "/Users/imokokok/Documents/foresight-build/insight/src/app/[locale]/price-query/utils/__tests__/cacheUtils.test.ts",
      "startTime": 1775892846942,
      "status": "failed",
      "summary": ""
    },
    {
      "assertionResults": [],
      "coverage": {},
      "endTime": 1775892846942,
      "message": "  \u001b[1m● \u001b[22mTest suite failed to run\n\n    ReferenceError: TextEncoder is not defined\n\n    \u001b[0m \u001b[90m 17 |\u001b[39m   answeredInRound\u001b[33m:\u001b[39m bigint\u001b[33m;\u001b[39m\n     \u001b[90m 18 |\u001b[39m   chainId\u001b[33m:\u001b[39m number\u001b[33m;\u001b[39m\n    \u001b[31m\u001b[1m>\u001b[22m\u001b[39m\u001b[90m 19 |\u001b[39m   \u001b[90m// Feed 元数据\u001b[39m\n     \u001b[90m    |\u001b[39m               \u001b[31m\u001b[1m^\u001b[22m\u001b[39m\n     \u001b[90m 20 |\u001b[39m   description\u001b[33m?\u001b[39m\u001b[33m:\u001b[39m string\u001b[33m;\u001b[39m\n     \u001b[90m 21 |\u001b[39m   version\u001b[33m?\u001b[39m\u001b[33m:\u001b[39m bigint\u001b[33m;\u001b[39m\n     \u001b[90m 22 |\u001b[39m   startedAt\u001b[33m?\u001b[39m\u001b[33m:\u001b[39m number\u001b[33m;\u001b[39m\u001b[0m\n\n      \u001b[2mat Object.<anonymous> (\u001b[22mnode_modules/viem/utils/encoding/toHex.ts\u001b[2m:225:31)\u001b[22m\n      \u001b[2mat Object.<anonymous> (\u001b[22mnode_modules/viem/utils/encoding/toBytes.ts\u001b[2m:8:1)\u001b[22m\n      \u001b[2mat Object.<anonymous> (\u001b[22mnode_modules/viem/utils/abi/encodeEventTopics.ts\u001b[2m:24:1)\u001b[22m\n      \u001b[2mat Object.<anonymous> (\u001b[22mnode_modules/viem/actions/public/createContractEventFilter.ts\u001b[2m:14:1)\u001b[22m\n      \u001b[2mat Object.<anonymous> (\u001b[22mnode_modules/viem/actions/getContract.ts\u001b[2m:34:1)\u001b[22m\n      \u001b[2mat Object.<anonymous> (\u001b[22mnode_modules/viem/index.ts\u001b[2m:93:1)\u001b[22m\n      \u001b[2mat Object.<anonymous> (\u001b[22msrc/lib/oracles/chainlinkOnChainService.ts\u001b[2m:19:15)\u001b[22m\n      \u001b[2mat Object.<anonymous> (\u001b[22msrc/lib/services/oracle/clients/chainlink.ts\u001b[2m:13:34)\u001b[22m\n      \u001b[2mat Object.<anonymous> (\u001b[22msrc/lib/oracles/index.ts\u001b[2m:172:20)\u001b[22m\n      \u001b[2mat Object.<anonymous> (\u001b[22msrc/lib/config/oracles.tsx\u001b[2m:46:18)\u001b[22m\n      \u001b[2mat Object.<anonymous> (\u001b[22msrc/lib/utils/chainUtils.ts\u001b[2m:73:18)\u001b[22m\n      \u001b[2mat Object.<anonymous> (\u001b[22m\u001b[0m\u001b[36msrc/lib/utils/__tests__/chainUtils.test.ts\u001b[39m\u001b[0m\u001b[2m:6:21)\u001b[22m\n",
      "name": "/Users/imokokok/Documents/foresight-build/insight/src/lib/utils/__tests__/chainUtils.test.ts",
      "startTime": 1775892846942,
      "status": "failed",
      "summary": ""
    },
    {
      "assertionResults": [
        {
          "ancestorTitles": ["useRoutePrefetch"],
          "duration": 1,
          "failing": false,
          "failureDetails": [],
          "failureMessages": [],
          "fullName": "useRoutePrefetch should have route prefetch configurations",
          "invocations": 1,
          "location": null,
          "numPassingAsserts": 5,
          "retryReasons": [],
          "startAt": 1775892846352,
          "status": "passed",
          "title": "should have route prefetch configurations"
        },
        {
          "ancestorTitles": ["useRoutePrefetch"],
          "duration": 7,
          "failing": false,
          "failureDetails": [],
          "failureMessages": [],
          "fullName": "useRoutePrefetch should not prefetch when disabled",
          "invocations": 1,
          "location": null,
          "numPassingAsserts": 1,
          "retryReasons": [],
          "startAt": 1775892846354,
          "status": "passed",
          "title": "should not prefetch when disabled"
        },
        {
          "ancestorTitles": ["useRoutePrefetch"],
          "duration": 4,
          "failing": false,
          "failureDetails": [],
          "failureMessages": [],
          "fullName": "useRoutePrefetch should navigate with prefetch",
          "invocations": 1,
          "location": null,
          "numPassingAsserts": 1,
          "retryReasons": [],
          "startAt": 1775892846361,
          "status": "passed",
          "title": "should navigate with prefetch"
        },
        {
          "ancestorTitles": ["useRoutePrefetch"],
          "duration": 2,
          "failing": false,
          "failureDetails": [],
          "failureMessages": [],
          "fullName": "useRoutePrefetch should cancel pending prefetch",
          "invocations": 1,
          "location": null,
          "numPassingAsserts": 1,
          "retryReasons": [],
          "startAt": 1775892846365,
          "status": "passed",
          "title": "should cancel pending prefetch"
        },
        {
          "ancestorTitles": ["usePrefetchMetrics"],
          "duration": 1,
          "failing": false,
          "failureDetails": [],
          "failureMessages": [],
          "fullName": "usePrefetchMetrics should track prefetch metrics",
          "invocations": 1,
          "location": null,
          "numPassingAsserts": 3,
          "retryReasons": [],
          "startAt": 1775892846368,
          "status": "passed",
          "title": "should track prefetch metrics"
        },
        {
          "ancestorTitles": ["usePrefetchMetrics"],
          "duration": 1,
          "failing": false,
          "failureDetails": [],
          "failureMessages": [],
          "fullName": "usePrefetchMetrics should check cache status",
          "invocations": 1,
          "location": null,
          "numPassingAsserts": 4,
          "retryReasons": [],
          "startAt": 1775892846369,
          "status": "passed",
          "title": "should check cache status"
        },
        {
          "ancestorTitles": ["Route Prefetch Configurations"],
          "duration": 3,
          "failing": false,
          "failureDetails": [],
          "failureMessages": [],
          "fullName": "Route Prefetch Configurations should have valid query keys for all routes",
          "invocations": 1,
          "location": null,
          "numPassingAsserts": 70,
          "retryReasons": [],
          "startAt": 1775892846370,
          "status": "passed",
          "title": "should have valid query keys for all routes"
        },
        {
          "ancestorTitles": ["Route Prefetch Configurations"],
          "duration": 1,
          "failing": false,
          "failureDetails": [],
          "failureMessages": [],
          "fullName": "Route Prefetch Configurations should have priority settings",
          "invocations": 1,
          "location": null,
          "numPassingAsserts": 10,
          "retryReasons": [],
          "startAt": 1775892846373,
          "status": "passed",
          "title": "should have priority settings"
        }
      ],
      "endTime": 1775892846374,
      "message": "",
      "name": "/Users/imokokok/Documents/foresight-build/insight/src/hooks/__tests__/useRoutePrefetch.test.tsx",
      "startTime": 1775892845926,
      "status": "passed",
      "summary": ""
    },
    {
      "assertionResults": [
        {
          "ancestorTitles": ["usePriceData"],
          "duration": 58,
          "failing": false,
          "failureDetails": [],
          "failureMessages": [],
          "fullName": "usePriceData should fetch price data successfully",
          "invocations": 1,
          "location": null,
          "numPassingAsserts": 5,
          "retryReasons": [],
          "startAt": 1775892846370,
          "status": "passed",
          "title": "should fetch price data successfully"
        },
        {
          "ancestorTitles": ["usePriceData"],
          "duration": 54,
          "failing": false,
          "failureDetails": [],
          "failureMessages": [],
          "fullName": "usePriceData should track previous price",
          "invocations": 1,
          "location": null,
          "numPassingAsserts": 2,
          "retryReasons": [],
          "startAt": 1775892846429,
          "status": "passed",
          "title": "should track previous price"
        },
        {
          "ancestorTitles": ["usePriceData"],
          "duration": 54,
          "failing": false,
          "failureDetails": [],
          "failureMessages": [],
          "fullName": "usePriceData should handle auto refresh",
          "invocations": 1,
          "location": null,
          "numPassingAsserts": 2,
          "retryReasons": [],
          "startAt": 1775892846483,
          "status": "passed",
          "title": "should handle auto refresh"
        },
        {
          "ancestorTitles": ["usePriceData"],
          "duration": 158,
          "failing": false,
          "failureDetails": [],
          "failureMessages": [],
          "fullName": "usePriceData should update lastUpdated timestamp after fetch",
          "invocations": 1,
          "location": null,
          "numPassingAsserts": 3,
          "retryReasons": [],
          "startAt": 1775892846537,
          "status": "passed",
          "title": "should update lastUpdated timestamp after fetch"
        },
        {
          "ancestorTitles": ["useHistoricalPrices"],
          "duration": 57,
          "failing": false,
          "failureDetails": [],
          "failureMessages": [],
          "fullName": "useHistoricalPrices should fetch historical prices successfully",
          "invocations": 1,
          "location": null,
          "numPassingAsserts": 4,
          "retryReasons": [],
          "startAt": 1775892846695,
          "status": "passed",
          "title": "should fetch historical prices successfully"
        },
        {
          "ancestorTitles": ["useHistoricalPrices"],
          "duration": 58,
          "failing": false,
          "failureDetails": [],
          "failureMessages": [],
          "fullName": "useHistoricalPrices should handle refetch",
          "invocations": 1,
          "location": null,
          "numPassingAsserts": 2,
          "retryReasons": [],
          "startAt": 1775892846752,
          "status": "passed",
          "title": "should handle refetch"
        }
      ],
      "endTime": 1775892846812,
      "message": "",
      "name": "/Users/imokokok/Documents/foresight-build/insight/src/hooks/__tests__/useOracleData.test.ts",
      "startTime": 1775892845927,
      "status": "passed",
      "summary": ""
    }
  ],
  "wasInterrupted": false
}
